<?xml version="1.0" encoding="UTF-8"?>
<testng-results ignored="0" total="4" passed="4" failed="0" skipped="0">
  <reporter-output>
  </reporter-output>
  <suite started-at="2024-08-16T15:28:50 IST" name="Suite" finished-at="2024-08-16T15:28:50 IST" duration-ms="52">
    <groups>
    </groups>
    <test started-at="2024-08-16T15:28:50 IST" name="Test" finished-at="2024-08-16T15:28:50 IST" duration-ms="52">
      <class name="pac1.ContactTest">
        <test-method signature="createContactTest()[pri:0, instance:pac1.ContactTest@6156496]" started-at="2024-08-16T15:28:50 IST" name="createContactTest" finished-at="2024-08-16T15:28:50 IST" duration-ms="5" status="PASS">
          <reporter-output>
          </reporter-output>
        </test-method> <!-- createContactTest -->
        <test-method signature="modifyContactTest()[pri:0, instance:pac1.ContactTest@6156496]" started-at="2024-08-16T15:28:50 IST" name="modifyContactTest" finished-at="2024-08-16T15:28:50 IST" duration-ms="2" status="PASS">
          <reporter-output>
          </reporter-output>
        </test-method> <!-- modifyContactTest -->
      </class> <!-- pac1.ContactTest -->
      <class name="pac2.OrgTest">
        <test-method signature="createOrgTest()[pri:0, instance:pac2.OrgTest@6ab7a896]" started-at="2024-08-16T15:28:50 IST" name="createOrgTest" finished-at="2024-08-16T15:28:50 IST" duration-ms="1" status="PASS">
          <reporter-output>
          </reporter-output>
        </test-method> <!-- createOrgTest -->
        <test-method signature="modifyOrgTest()[pri:0, instance:pac2.OrgTest@6ab7a896]" started-at="2024-08-16T15:28:50 IST" name="modifyOrgTest" finished-at="2024-08-16T15:28:50 IST" duration-ms="0" status="PASS">
          <reporter-output>
          </reporter-output>
        </test-method> <!-- modifyOrgTest -->
      </class> <!-- pac2.OrgTest -->
    </test> <!-- Test -->
  </suite> <!-- Suite -->
</testng-results>
